[    31.730] (--) Log file renamed from "/home/lifechoices/.local/share/xorg/Xorg.pid-1696.log" to "/home/lifechoices/.local/share/xorg/Xorg.0.log"
[    31.731] 
X.Org X Server 1.20.9
X Protocol Version 11, Revision 0
[    31.731] Build Operating System: Linux 4.15.0-140-generic x86_64 Ubuntu
[    31.731] Current Operating System: Linux lcadmin-Inspiron-15-3567 5.11.0-34-generic #36~20.04.1-Ubuntu SMP Fri Aug 27 08:06:32 UTC 2021 x86_64
[    31.731] Kernel command line: BOOT_IMAGE=/boot/vmlinuz-5.11.0-34-generic root=UUID=55869da7-bbe0-491b-a931-6159df0593cf ro quiet splash vt.handoff=7
[    31.731] Build Date: 08 April 2021  12:29:22PM
[    31.731] xorg-server 2:1.20.9-2ubuntu1.2~20.04.2 (For technical support please see http://www.ubuntu.com/support) 
[    31.731] Current version of pixman: 0.38.4
[    31.731] 	Before reporting problems, check http://wiki.x.org
	to make sure that you have the latest version.
[    31.731] Markers: (--) probed, (**) from config file, (==) default setting,
	(++) from command line, (!!) notice, (II) informational,
	(WW) warning, (EE) error, (NI) not implemented, (??) unknown.
[    31.731] (==) Log file: "/home/lifechoices/.local/share/xorg/Xorg.0.log", Time: Mon Sep 27 08:44:32 2021
[    31.739] (==) Using system config directory "/usr/share/X11/xorg.conf.d"
[    31.741] (==) No Layout section.  Using the first Screen section.
[    31.741] (==) No screen section available. Using defaults.
[    31.741] (**) |-->Screen "Default Screen Section" (0)
[    31.741] (**) |   |-->Monitor "<default monitor>"
[    31.742] (==) No monitor specified for screen "Default Screen Section".
	Using a default monitor configuration.
[    31.742] (==) Automatically adding devices
[    31.742] (==) Automatically enabling devices
[    31.742] (==) Automatically adding GPU devices
[    31.742] (==) Automatically binding GPU devices
[    31.742] (==) Max clients allowed: 256, resource mask: 0x1fffff
[    31.742] (WW) The directory "/usr/share/fonts/X11/cyrillic" does not exist.
[    31.742] 	Entry deleted from font path.
[    31.742] (WW) The directory "/usr/share/fonts/X11/100dpi/" does not exist.
[    31.742] 	Entry deleted from font path.
[    31.742] (WW) The directory "/usr/share/fonts/X11/75dpi/" does not exist.
[    31.742] 	Entry deleted from font path.
[    31.742] (WW) The directory "/usr/share/fonts/X11/100dpi" does not exist.
[    31.742] 	Entry deleted from font path.
[    31.742] (WW) The directory "/usr/share/fonts/X11/75dpi" does not exist.
[    31.742] 	Entry deleted from font path.
[    31.742] (==) FontPath set to:
	/usr/share/fonts/X11/misc,
	/usr/share/fonts/X11/Type1,
	built-ins
[    31.742] (==) ModulePath set to "/usr/lib/xorg/modules"
[    31.742] (II) The server relies on udev to provide the list of input devices.
	If no devices become available, reconfigure udev or disable AutoAddDevices.
[    31.742] (II) Loader magic: 0x55e7be588020
[    31.742] (II) Module ABI versions:
[    31.742] 	X.Org ANSI C Emulation: 0.4
[    31.742] 	X.Org Video Driver: 24.1
[    31.742] 	X.Org XInput driver : 24.1
[    31.742] 	X.Org Server Extension : 10.0
[    31.745] (++) using VT number 2

[    31.749] (II) systemd-logind: took control of session /org/freedesktop/login1/session/_32
[    31.750] (II) xfree86: Adding drm device (/dev/dri/card0)
[    31.751] (II) systemd-logind: got fd for /dev/dri/card0 226:0 fd 12 paused 0
[    31.755] (--) PCI:*(0@0:2:0) 8086:1916:1028:078c rev 7, Mem @ 0xd0000000/16777216, 0xc0000000/268435456, I/O @ 0x0000f000/64, BIOS @ 0x????????/131072
[    31.755] (II) LoadModule: "glx"
[    31.756] (II) Loading /usr/lib/xorg/modules/extensions/libglx.so
[    31.758] (II) Module glx: vendor="X.Org Foundation"
[    31.758] 	compiled for 1.20.9, module version = 1.0.0
[    31.758] 	ABI class: X.Org Server Extension, version 10.0
[    31.758] (==) Matched modesetting as autoconfigured driver 0
[    31.758] (==) Matched fbdev as autoconfigured driver 1
[    31.758] (==) Matched vesa as autoconfigured driver 2
[    31.758] (==) Assigned the driver to the xf86ConfigLayout
[    31.758] (II) LoadModule: "modesetting"
[    31.759] (II) Loading /usr/lib/xorg/modules/drivers/modesetting_drv.so
[    31.762] (II) Module modesetting: vendor="X.Org Foundation"
[    31.762] 	compiled for 1.20.9, module version = 1.20.9
[    31.762] 	Module class: X.Org Video Driver
[    31.762] 	ABI class: X.Org Video Driver, version 24.1
[    31.762] (II) LoadModule: "fbdev"
[    31.762] (II) Loading /usr/lib/xorg/modules/drivers/fbdev_drv.so
[    31.763] (II) Module fbdev: vendor="X.Org Foundation"
[    31.763] 	compiled for 1.20.1, module version = 0.5.0
[    31.763] 	Module class: X.Org Video Driver
[    31.763] 	ABI class: X.Org Video Driver, version 24.0
[    31.763] (II) LoadModule: "vesa"
[    31.763] (II) Loading /usr/lib/xorg/modules/drivers/vesa_drv.so
[    31.764] (II) Module vesa: vendor="X.Org Foundation"
[    31.764] 	compiled for 1.20.4, module version = 2.4.0
[    31.764] 	Module class: X.Org Video Driver
[    31.764] 	ABI class: X.Org Video Driver, version 24.0
[    31.764] (II) modesetting: Driver for Modesetting Kernel Drivers: kms
[    31.764] (II) FBDEV: driver for framebuffer: fbdev
[    31.764] (II) VESA: driver for VESA chipsets: vesa
[    31.764] xf86EnableIOPorts: failed to set IOPL for I/O (Operation not permitted)
[    31.764] (II) modeset(0): using drv /dev/dri/card0
[    31.764] (WW) Falling back to old probe method for fbdev
[    31.764] (II) Loading sub module "fbdevhw"
[    31.764] (II) LoadModule: "fbdevhw"
[    31.765] (II) Loading /usr/lib/xorg/modules/libfbdevhw.so
[    31.765] (II) Module fbdevhw: vendor="X.Org Foundation"
[    31.765] 	compiled for 1.20.9, module version = 0.0.2
[    31.765] 	ABI class: X.Org Video Driver, version 24.1
[    31.765] (EE) open /dev/fb0: Permission denied
[    31.765] (WW) VGA arbiter: cannot open kernel arbiter, no multi-card support
[    31.765] (II) modeset(0): Creating default Display subsection in Screen section
	"Default Screen Section" for depth/fbbpp 24/32
[    31.765] (==) modeset(0): Depth 24, (==) framebuffer bpp 32
[    31.765] (==) modeset(0): RGB weight 888
[    31.765] (==) modeset(0): Default visual is TrueColor
[    31.765] (II) Loading sub module "glamoregl"
[    31.765] (II) LoadModule: "glamoregl"
[    31.765] (II) Loading /usr/lib/xorg/modules/libglamoregl.so
[    31.772] (II) Module glamoregl: vendor="X.Org Foundation"
[    31.772] 	compiled for 1.20.9, module version = 1.0.1
[    31.772] 	ABI class: X.Org ANSI C Emulation, version 0.4
[    31.845] (II) modeset(0): glamor X acceleration enabled on Mesa Intel(R) HD Graphics 520 (SKL GT2)
[    31.845] (II) modeset(0): glamor initialized
[    31.846] (II) modeset(0): Output eDP-1 has no monitor section
[    31.854] (II) modeset(0): Output HDMI-1 has no monitor section
[    31.855] (II) modeset(0): EDID for output eDP-1
[    31.856] (II) modeset(0): Manufacturer: LGD  Model: 525  Serial#: 0
[    31.856] (II) modeset(0): Year: 2016  Week: 0
[    31.856] (II) modeset(0): EDID Version: 1.4
[    31.856] (II) modeset(0): Digital Display Input
[    31.856] (II) modeset(0): 6 bits per channel
[    31.856] (II) modeset(0): Digital interface is DisplayPort
[    31.856] (II) modeset(0): Max Image Size [cm]: horiz.: 34  vert.: 19
[    31.856] (II) modeset(0): Gamma: 2.20
[    31.856] (II) modeset(0): No DPMS capabilities specified
[    31.856] (II) modeset(0): Supported color encodings: RGB 4:4:4 YCrCb 4:4:4 
[    31.856] (II) modeset(0): First detailed timing is preferred mode
[    31.856] (II) modeset(0): Preferred mode is native pixel format and refresh rate
[    31.856] (II) modeset(0): redX: 0.567 redY: 0.344   greenX: 0.332 greenY: 0.561
[    31.856] (II) modeset(0): blueX: 0.159 blueY: 0.119   whiteX: 0.313 whiteY: 0.329
[    31.856] (II) modeset(0): Manufacturer's mask: 0
[    31.856] (II) modeset(0): Supported detailed timing:
[    31.856] (II) modeset(0): clock: 76.3 MHz   Image Size:  344 x 194 mm
[    31.856] (II) modeset(0): h_active: 1366  h_sync: 1414  h_sync_end 1446 h_blank_end 1610 h_border: 0
[    31.856] (II) modeset(0): v_active: 768  v_sync: 771  v_sync_end 776 v_blanking: 790 v_border: 0
[    31.856] (II) modeset(0): Supported detailed timing:
[    31.856] (II) modeset(0): clock: 61.0 MHz   Image Size:  344 x 194 mm
[    31.856] (II) modeset(0): h_active: 1366  h_sync: 1414  h_sync_end 1446 h_blank_end 1610 h_border: 0
[    31.856] (II) modeset(0): v_active: 768  v_sync: 771  v_sync_end 776 v_blanking: 790 v_border: 0
[    31.856] (II) modeset(0):  H97H1€156WHU
[    31.856] (II) modeset(0): Unknown vendor-specific block 0
[    31.856] (II) modeset(0): EDID (in hex):
[    31.856] (II) modeset(0): 	00ffffffffffff0030e4250500000000
[    31.856] (II) modeset(0): 	001a0104952213780a42e59158558f28
[    31.856] (II) modeset(0): 	1e505400000001010101010101010101
[    31.856] (II) modeset(0): 	010101010101d01d56f4500016303020
[    31.856] (II) modeset(0): 	350058c21000001ad91756f450001630
[    31.856] (II) modeset(0): 	3020350058c21000001a000000fe0048
[    31.856] (II) modeset(0): 	39374831803135365748550a00000000
[    31.856] (II) modeset(0): 	00004131940010000009010a2020008d
[    31.857] (II) modeset(0): Printing probed modes for output eDP-1
[    31.857] (II) modeset(0): Modeline "1366x768"x60.0   76.32  1366 1414 1446 1610  768 771 776 790 +hsync -vsync (47.4 kHz eP)
[    31.857] (II) modeset(0): Modeline "1366x768"x48.0   61.05  1366 1414 1446 1610  768 771 776 790 +hsync -vsync (37.9 kHz e)
[    31.857] (II) modeset(0): Modeline "1360x768"x59.8   84.75  1360 1432 1568 1776  768 771 781 798 -hsync +vsync (47.7 kHz d)
[    31.857] (II) modeset(0): Modeline "1360x768"x60.0   72.00  1360 1408 1440 1520  768 771 781 790 +hsync -vsync (47.4 kHz d)
[    31.857] (II) modeset(0): Modeline "1280x720"x120.0  156.12  1280 1376 1512 1744  720 721 724 746 doublescan -hsync +vsync (89.5 kHz d)
[    31.857] (II) modeset(0): Modeline "1280x720"x120.0  120.75  1280 1304 1320 1360  720 721 724 740 doublescan +hsync -vsync (88.8 kHz d)
[    31.857] (II) modeset(0): Modeline "1280x720"x59.9   74.50  1280 1344 1472 1664  720 723 728 748 -hsync +vsync (44.8 kHz d)
[    31.857] (II) modeset(0): Modeline "1280x720"x59.7   63.75  1280 1328 1360 1440  720 723 728 741 +hsync -vsync (44.3 kHz d)
[    31.857] (II) modeset(0): Modeline "1024x768"x120.1  133.47  1024 1100 1212 1400  768 768 770 794 doublescan -hsync +vsync (95.3 kHz d)
[    31.857] (II) modeset(0): Modeline "1024x768"x60.0   65.00  1024 1048 1184 1344  768 771 777 806 -hsync -vsync (48.4 kHz d)
[    31.857] (II) modeset(0): Modeline "960x720"x120.0  117.00  960 1024 1128 1300  720 720 722 750 doublescan -hsync +vsync (90.0 kHz d)
[    31.857] (II) modeset(0): Modeline "928x696"x120.1  109.15  928 976 1088 1264  696 696 698 719 doublescan -hsync +vsync (86.4 kHz d)
[    31.857] (II) modeset(0): Modeline "896x672"x120.0  102.40  896 960 1060 1224  672 672 674 697 doublescan -hsync +vsync (83.7 kHz d)
[    31.857] (II) modeset(0): Modeline "1024x576"x119.9   98.50  1024 1092 1200 1376  576 577 580 597 doublescan -hsync +vsync (71.6 kHz d)
[    31.857] (II) modeset(0): Modeline "1024x576"x119.9   78.38  1024 1048 1064 1104  576 577 580 592 doublescan +hsync -vsync (71.0 kHz d)
[    31.857] (II) modeset(0): Modeline "1024x576"x59.9   46.50  1024 1064 1160 1296  576 579 584 599 -hsync +vsync (35.9 kHz d)
[    31.857] (II) modeset(0): Modeline "1024x576"x59.8   42.00  1024 1072 1104 1184  576 579 584 593 +hsync -vsync (35.5 kHz d)
[    31.857] (II) modeset(0): Modeline "960x600"x119.9   96.62  960 1028 1128 1296  600 601 604 622 doublescan -hsync +vsync (74.6 kHz d)
[    31.857] (II) modeset(0): Modeline "960x600"x120.0   77.00  960 984 1000 1040  600 601 604 617 doublescan +hsync -vsync (74.0 kHz d)
[    31.857] (II) modeset(0): Modeline "960x540"x119.9   86.50  960 1024 1124 1288  540 541 544 560 doublescan -hsync +vsync (67.2 kHz d)
[    31.857] (II) modeset(0): Modeline "960x540"x120.0   69.25  960 984 1000 1040  540 541 544 555 doublescan +hsync -vsync (66.6 kHz d)
[    31.857] (II) modeset(0): Modeline "960x540"x59.6   40.75  960 992 1088 1216  540 543 548 562 -hsync +vsync (33.5 kHz d)
[    31.857] (II) modeset(0): Modeline "960x540"x59.8   37.25  960 1008 1040 1120  540 543 548 556 +hsync -vsync (33.3 kHz d)
[    31.857] (II) modeset(0): Modeline "800x600"x120.0   81.00  800 832 928 1080  600 600 602 625 doublescan +hsync +vsync (75.0 kHz d)
[    31.857] (II) modeset(0): Modeline "800x600"x60.3   40.00  800 840 968 1056  600 601 605 628 +hsync +vsync (37.9 kHz d)
[    31.857] (II) modeset(0): Modeline "800x600"x56.2   36.00  800 824 896 1024  600 601 603 625 +hsync +vsync (35.2 kHz d)
[    31.857] (II) modeset(0): Modeline "840x525"x120.0   73.12  840 892 980 1120  525 526 529 544 doublescan -hsync +vsync (65.3 kHz d)
[    31.857] (II) modeset(0): Modeline "840x525"x119.8   59.50  840 864 880 920  525 526 529 540 doublescan +hsync -vsync (64.7 kHz d)
[    31.857] (II) modeset(0): Modeline "864x486"x59.9   32.50  864 888 968 1072  486 489 494 506 -hsync +vsync (30.3 kHz d)
[    31.857] (II) modeset(0): Modeline "864x486"x59.6   30.50  864 912 944 1024  486 489 494 500 +hsync -vsync (29.8 kHz d)
[    31.857] (II) modeset(0): Modeline "800x512"x120.3   51.56  800 800 828 832  512 512 514 515 doublescan +hsync +vsync (62.0 kHz d)
[    31.857] (II) modeset(0): Modeline "700x525"x120.0   61.00  700 744 820 940  525 526 532 541 doublescan +hsync +vsync (64.9 kHz d)
[    31.857] (II) modeset(0): Modeline "800x450"x119.9   59.12  800 848 928 1056  450 451 454 467 doublescan -hsync +vsync (56.0 kHz d)
[    31.857] (II) modeset(0): Modeline "800x450"x119.6   48.75  800 824 840 880  450 451 454 463 doublescan +hsync -vsync (55.4 kHz d)
[    31.857] (II) modeset(0): Modeline "640x512"x120.0   54.00  640 664 720 844  512 512 514 533 doublescan +hsync +vsync (64.0 kHz d)
[    31.858] (II) modeset(0): Modeline "720x450"x119.8   53.25  720 760 836 952  450 451 454 467 doublescan -hsync +vsync (55.9 kHz d)
[    31.858] (II) modeset(0): Modeline "700x450"x119.9   51.75  700 740 812 924  450 451 456 467 doublescan -hsync +vsync (56.0 kHz d)
[    31.858] (II) modeset(0): Modeline "700x450"x119.8   43.25  700 724 740 780  450 451 456 463 doublescan +hsync -vsync (55.4 kHz d)
[    31.858] (II) modeset(0): Modeline "640x480"x120.0   54.00  640 688 744 900  480 480 482 500 doublescan +hsync +vsync (60.0 kHz d)
[    31.858] (II) modeset(0): Modeline "640x480"x59.9   25.18  640 656 752 800  480 490 492 525 -hsync -vsync (31.5 kHz d)
[    31.858] (II) modeset(0): Modeline "720x405"x59.5   22.50  720 744 808 896  405 408 413 422 -hsync +vsync (25.1 kHz d)
[    31.858] (II) modeset(0): Modeline "720x405"x59.0   21.75  720 768 800 880  405 408 413 419 +hsync -vsync (24.7 kHz d)
[    31.858] (II) modeset(0): Modeline "684x384"x119.8   42.62  684 720 788 892  384 385 390 399 doublescan -hsync +vsync (47.8 kHz d)
[    31.858] (II) modeset(0): Modeline "684x384"x119.7   36.12  684 708 724 764  384 385 390 395 doublescan +hsync -vsync (47.3 kHz d)
[    31.858] (II) modeset(0): Modeline "680x384"x119.6   42.38  680 716 784 888  384 385 390 399 doublescan -hsync +vsync (47.7 kHz d)
[    31.858] (II) modeset(0): Modeline "680x384"x119.9   36.00  680 704 720 760  384 385 390 395 doublescan +hsync -vsync (47.4 kHz d)
[    31.858] (II) modeset(0): Modeline "640x400"x119.8   41.75  640 676 740 840  400 401 404 415 doublescan -hsync +vsync (49.7 kHz d)
[    31.858] (II) modeset(0): Modeline "640x400"x120.0   35.50  640 664 680 720  400 401 404 411 doublescan +hsync -vsync (49.3 kHz d)
[    31.858] (II) modeset(0): Modeline "576x432"x120.1   40.81  576 608 668 760  432 432 434 447 doublescan -hsync +vsync (53.7 kHz d)
[    31.858] (II) modeset(0): Modeline "640x360"x119.7   37.25  640 672 736 832  360 361 364 374 doublescan -hsync +vsync (44.8 kHz d)
[    31.858] (II) modeset(0): Modeline "640x360"x119.7   31.88  640 664 680 720  360 361 364 370 doublescan +hsync -vsync (44.3 kHz d)
[    31.858] (II) modeset(0): Modeline "640x360"x59.8   18.00  640 664 720 800  360 363 368 376 -hsync +vsync (22.5 kHz d)
[    31.858] (II) modeset(0): Modeline "640x360"x59.3   17.75  640 688 720 800  360 363 368 374 +hsync -vsync (22.2 kHz d)
[    31.858] (II) modeset(0): Modeline "512x384"x120.0   32.50  512 524 592 672  384 385 388 403 doublescan -hsync -vsync (48.4 kHz d)
[    31.858] (II) modeset(0): Modeline "512x288"x120.0   23.25  512 532 580 648  288 289 292 299 doublescan -hsync +vsync (35.9 kHz d)
[    31.858] (II) modeset(0): Modeline "512x288"x119.8   21.00  512 536 552 592  288 289 292 296 doublescan +hsync -vsync (35.5 kHz d)
[    31.858] (II) modeset(0): Modeline "480x270"x119.3   20.38  480 496 544 608  270 271 274 281 doublescan -hsync +vsync (33.5 kHz d)
[    31.858] (II) modeset(0): Modeline "480x270"x119.6   18.62  480 504 520 560  270 271 274 278 doublescan +hsync -vsync (33.3 kHz d)
[    31.858] (II) modeset(0): Modeline "400x300"x120.6   20.00  400 420 484 528  300 300 302 314 doublescan +hsync +vsync (37.9 kHz d)
[    31.858] (II) modeset(0): Modeline "400x300"x112.7   18.00  400 412 448 512  300 300 301 312 doublescan +hsync +vsync (35.2 kHz d)
[    31.859] (II) modeset(0): Modeline "432x243"x119.8   16.25  432 444 484 536  243 244 247 253 doublescan -hsync +vsync (30.3 kHz d)
[    31.859] (II) modeset(0): Modeline "432x243"x119.1   15.25  432 456 472 512  243 244 247 250 doublescan +hsync -vsync (29.8 kHz d)
[    31.859] (II) modeset(0): Modeline "320x240"x120.1   12.59  320 328 376 400  240 245 246 262 doublescan -hsync -vsync (31.5 kHz d)
[    31.859] (II) modeset(0): Modeline "360x202"x119.0   11.25  360 372 404 448  202 204 206 211 doublescan -hsync +vsync (25.1 kHz d)
[    31.859] (II) modeset(0): Modeline "360x202"x118.3   10.88  360 384 400 440  202 204 206 209 doublescan +hsync -vsync (24.7 kHz d)
[    31.859] (II) modeset(0): Modeline "320x180"x119.7    9.00  320 332 360 400  180 181 184 188 doublescan -hsync +vsync (22.5 kHz d)
[    31.859] (II) modeset(0): Modeline "320x180"x118.6    8.88  320 344 360 400  180 181 184 187 doublescan +hsync -vsync (22.2 kHz d)
[    31.863] (II) modeset(0): EDID for output HDMI-1
[    31.864] (II) modeset(0): Output eDP-1 connected
[    31.864] (II) modeset(0): Output HDMI-1 disconnected
[    31.864] (II) modeset(0): Using exact sizes for initial modes
[    31.864] (II) modeset(0): Output eDP-1 using initial mode 1366x768 +0+0
[    31.864] (==) modeset(0): Using gamma correction (1.0, 1.0, 1.0)
[    31.864] (==) modeset(0): DPI set to (96, 96)
[    31.864] (II) Loading sub module "fb"
[    31.864] (II) LoadModule: "fb"
[    31.864] (II) Loading /usr/lib/xorg/modules/libfb.so
[    31.866] (II) Module fb: vendor="X.Org Foundation"
[    31.866] 	compiled for 1.20.9, module version = 1.0.0
[    31.866] 	ABI class: X.Org ANSI C Emulation, version 0.4
[    31.866] (II) UnloadModule: "fbdev"
[    31.866] (II) Unloading fbdev
[    31.866] (II) UnloadSubModule: "fbdevhw"
[    31.866] (II) Unloading fbdevhw
[    31.866] (II) UnloadModule: "vesa"
[    31.866] (II) Unloading vesa
[    31.888] (==) modeset(0): Backing store enabled
[    31.888] (==) modeset(0): Silken mouse enabled
[    31.970] (II) modeset(0): Initializing kms color map for depth 24, 8 bpc.
[    31.971] (==) modeset(0): DPMS enabled
[    31.971] (II) modeset(0): [DRI2] Setup complete
[    31.971] (II) modeset(0): [DRI2]   DRI driver: iris
[    31.971] (II) modeset(0): [DRI2]   VDPAU driver: va_gl
[    31.971] (II) Initializing extension Generic Event Extension
[    31.971] (II) Initializing extension SHAPE
[    31.971] (II) Initializing extension MIT-SHM
[    31.972] (II) Initializing extension XInputExtension
[    31.972] (II) Initializing extension XTEST
[    31.973] (II) Initializing extension BIG-REQUESTS
[    31.973] (II) Initializing extension SYNC
[    31.973] (II) Initializing extension XKEYBOARD
[    31.974] (II) Initializing extension XC-MISC
[    31.974] (II) Initializing extension SECURITY
[    31.974] (II) Initializing extension XFIXES
[    31.974] (II) Initializing extension RENDER
[    31.975] (II) Initializing extension RANDR
[    31.975] (II) Initializing extension COMPOSITE
[    31.975] (II) Initializing extension DAMAGE
[    31.975] (II) Initializing extension MIT-SCREEN-SAVER
[    31.976] (II) Initializing extension DOUBLE-BUFFER
[    31.976] (II) Initializing extension RECORD
[    31.976] (II) Initializing extension DPMS
[    31.976] (II) Initializing extension Present
[    31.977] (II) Initializing extension DRI3
[    31.977] (II) Initializing extension X-Resource
[    31.977] (II) Initializing extension XVideo
[    31.978] (II) Initializing extension XVideo-MotionCompensation
[    31.978] (II) Initializing extension SELinux
[    31.978] (II) SELinux: Disabled on system
[    31.978] (II) Initializing extension GLX
[    31.990] (II) AIGLX: Loaded and initialized iris
[    31.990] (II) GLX: Initialized DRI2 GL provider for screen 0
[    31.990] (II) Initializing extension XFree86-VidModeExtension
[    31.991] (II) Initializing extension XFree86-DGA
[    31.991] (II) Initializing extension XFree86-DRI
[    31.991] (II) Initializing extension DRI2
[    31.994] (II) modeset(0): Damage tracking initialized
[    31.994] (II) modeset(0): Setting screen physical size to 361 x 203
[    32.059] (II) config/udev: Adding input device Power Button (/dev/input/event3)
[    32.059] (**) Power Button: Applying InputClass "libinput keyboard catchall"
[    32.059] (II) LoadModule: "libinput"
[    32.059] (II) Loading /usr/lib/xorg/modules/input/libinput_drv.so
[    32.062] (II) Module libinput: vendor="X.Org Foundation"
[    32.062] 	compiled for 1.20.4, module version = 0.29.0
[    32.062] 	Module class: X.Org XInput Driver
[    32.062] 	ABI class: X.Org XInput driver, version 24.1
[    32.062] (II) Using input driver 'libinput' for 'Power Button'
[    32.063] (II) systemd-logind: got fd for /dev/input/event3 13:67 fd 25 paused 0
[    32.063] (**) Power Button: always reports core events
[    32.063] (**) Option "Device" "/dev/input/event3"
[    32.063] (**) Option "_source" "server/udev"
[    32.066] (II) event3  - Power Button: is tagged by udev as: Keyboard
[    32.066] (II) event3  - Power Button: device is a keyboard
[    32.066] (II) event3  - Power Button: device removed
[    32.066] (**) Option "config_info" "udev:/sys/devices/LNXSYSTM:00/LNXPWRBN:00/input/input3/event3"
[    32.066] (II) XINPUT: Adding extended input device "Power Button" (type: KEYBOARD, id 6)
[    32.067] (**) Option "xkb_model" "pc105"
[    32.067] (**) Option "xkb_layout" "us"
[    32.068] (II) event3  - Power Button: is tagged by udev as: Keyboard
[    32.068] (II) event3  - Power Button: device is a keyboard
[    32.069] (II) config/udev: Adding input device Video Bus (/dev/input/event9)
[    32.069] (**) Video Bus: Applying InputClass "libinput keyboard catchall"
[    32.069] (II) Using input driver 'libinput' for 'Video Bus'
[    32.070] (II) systemd-logind: got fd for /dev/input/event9 13:73 fd 28 paused 0
[    32.070] (**) Video Bus: always reports core events
[    32.070] (**) Option "Device" "/dev/input/event9"
[    32.070] (**) Option "_source" "server/udev"
[    32.072] (II) event9  - Video Bus: is tagged by udev as: Keyboard
[    32.072] (II) event9  - Video Bus: device is a keyboard
[    32.072] (II) event9  - Video Bus: device removed
[    32.072] (**) Option "config_info" "udev:/sys/devices/LNXSYSTM:00/LNXSYBUS:00/PNP0A08:00/LNXVIDEO:00/input/input13/event9"
[    32.072] (II) XINPUT: Adding extended input device "Video Bus" (type: KEYBOARD, id 7)
[    32.072] (**) Option "xkb_model" "pc105"
[    32.072] (**) Option "xkb_layout" "us"
[    32.074] (II) event9  - Video Bus: is tagged by udev as: Keyboard
[    32.074] (II) event9  - Video Bus: device is a keyboard
[    32.075] (II) config/udev: Adding input device Power Button (/dev/input/event1)
[    32.075] (**) Power Button: Applying InputClass "libinput keyboard catchall"
[    32.075] (II) Using input driver 'libinput' for 'Power Button'
[    32.076] (II) systemd-logind: got fd for /dev/input/event1 13:65 fd 29 paused 0
[    32.076] (**) Power Button: always reports core events
[    32.076] (**) Option "Device" "/dev/input/event1"
[    32.076] (**) Option "_source" "server/udev"
[    32.077] (II) event1  - Power Button: is tagged by udev as: Keyboard
[    32.077] (II) event1  - Power Button: device is a keyboard
[    32.077] (II) event1  - Power Button: device removed
[    32.077] (**) Option "config_info" "udev:/sys/devices/LNXSYSTM:00/LNXSYBUS:00/PNP0C0C:00/input/input1/event1"
[    32.077] (II) XINPUT: Adding extended input device "Power Button" (type: KEYBOARD, id 8)
[    32.077] (**) Option "xkb_model" "pc105"
[    32.077] (**) Option "xkb_layout" "us"
[    32.079] (II) event1  - Power Button: is tagged by udev as: Keyboard
[    32.079] (II) event1  - Power Button: device is a keyboard
[    32.080] (II) config/udev: Adding input device Lid Switch (/dev/input/event0)
[    32.080] (II) No input driver specified, ignoring this device.
[    32.080] (II) This device may have been added with another device file.
[    32.081] (II) config/udev: Adding input device Sleep Button (/dev/input/event2)
[    32.081] (**) Sleep Button: Applying InputClass "libinput keyboard catchall"
[    32.081] (II) Using input driver 'libinput' for 'Sleep Button'
[    32.082] (II) systemd-logind: got fd for /dev/input/event2 13:66 fd 30 paused 0
[    32.082] (**) Sleep Button: always reports core events
[    32.082] (**) Option "Device" "/dev/input/event2"
[    32.082] (**) Option "_source" "server/udev"
[    32.084] (II) event2  - Sleep Button: is tagged by udev as: Keyboard
[    32.084] (II) event2  - Sleep Button: device is a keyboard
[    32.084] (II) event2  - Sleep Button: device removed
[    32.084] (**) Option "config_info" "udev:/sys/devices/LNXSYSTM:00/LNXSYBUS:00/PNP0C0E:00/input/input2/event2"
[    32.084] (II) XINPUT: Adding extended input device "Sleep Button" (type: KEYBOARD, id 9)
[    32.084] (**) Option "xkb_model" "pc105"
[    32.084] (**) Option "xkb_layout" "us"
[    32.086] (II) event2  - Sleep Button: is tagged by udev as: Keyboard
[    32.086] (II) event2  - Sleep Button: device is a keyboard
[    32.088] (II) config/udev: Adding input device Integrated_Webcam_HD: Integrate (/dev/input/event7)
[    32.088] (**) Integrated_Webcam_HD: Integrate: Applying InputClass "libinput keyboard catchall"
[    32.088] (II) Using input driver 'libinput' for 'Integrated_Webcam_HD: Integrate'
[    32.089] (II) systemd-logind: got fd for /dev/input/event7 13:71 fd 31 paused 0
[    32.089] (**) Integrated_Webcam_HD: Integrate: always reports core events
[    32.089] (**) Option "Device" "/dev/input/event7"
[    32.089] (**) Option "_source" "server/udev"
[    32.091] (II) event7  - Integrated_Webcam_HD: Integrate: is tagged by udev as: Keyboard
[    32.091] (II) event7  - Integrated_Webcam_HD: Integrate: device is a keyboard
[    32.091] (II) event7  - Integrated_Webcam_HD: Integrate: device removed
[    32.092] (**) Option "config_info" "udev:/sys/devices/pci0000:00/0000:00:14.0/usb1/1-5/1-5:1.0/input/input11/event7"
[    32.092] (II) XINPUT: Adding extended input device "Integrated_Webcam_HD: Integrate" (type: KEYBOARD, id 10)
[    32.092] (**) Option "xkb_model" "pc105"
[    32.092] (**) Option "xkb_layout" "us"
[    32.094] (II) event7  - Integrated_Webcam_HD: Integrate: is tagged by udev as: Keyboard
[    32.094] (II) event7  - Integrated_Webcam_HD: Integrate: device is a keyboard
[    32.095] (II) config/udev: Adding input device Synaptics TM3096-006 (/dev/input/event5)
[    32.096] (**) Synaptics TM3096-006: Applying InputClass "libinput touchpad catchall"
[    32.096] (II) Using input driver 'libinput' for 'Synaptics TM3096-006'
[    32.098] (II) systemd-logind: got fd for /dev/input/event5 13:69 fd 32 paused 0
[    32.098] (**) Synaptics TM3096-006: always reports core events
[    32.098] (**) Option "Device" "/dev/input/event5"
[    32.098] (**) Option "_source" "server/udev"
[    32.102] (II) event5  - Synaptics TM3096-006: is tagged by udev as: Touchpad
[    32.104] (II) event5  - Synaptics TM3096-006: device is a touchpad
[    32.104] (II) event5  - Synaptics TM3096-006: device removed
[    32.105] (**) Option "config_info" "udev:/sys/devices/pci0000:00/0000:00:15.0/i2c_designware.0/i2c-1/i2c-DELL078C:00/0018:06CB:78F6.0001/input/input9/event5"
[    32.105] (II) XINPUT: Adding extended input device "Synaptics TM3096-006" (type: TOUCHPAD, id 11)
[    32.107] (**) Option "AccelerationScheme" "none"
[    32.107] (**) Synaptics TM3096-006: (accel) selected scheme none/0
[    32.107] (**) Synaptics TM3096-006: (accel) acceleration factor: 2.000
[    32.107] (**) Synaptics TM3096-006: (accel) acceleration threshold: 4
[    32.109] (II) event5  - Synaptics TM3096-006: is tagged by udev as: Touchpad
[    32.111] (II) event5  - Synaptics TM3096-006: device is a touchpad
[    32.113] (II) config/udev: Adding input device Synaptics TM3096-006 (/dev/input/mouse0)
[    32.113] (II) No input driver specified, ignoring this device.
[    32.113] (II) This device may have been added with another device file.
[    32.113] (II) config/udev: Adding input device HDA Intel PCH Headphone Mic (/dev/input/event10)
[    32.113] (II) No input driver specified, ignoring this device.
[    32.113] (II) This device may have been added with another device file.
[    32.114] (II) config/udev: Adding input device HDA Intel PCH HDMI/DP,pcm=3 (/dev/input/event11)
[    32.114] (II) No input driver specified, ignoring this device.
[    32.114] (II) This device may have been added with another device file.
[    32.115] (II) config/udev: Adding input device HDA Intel PCH HDMI/DP,pcm=7 (/dev/input/event12)
[    32.115] (II) No input driver specified, ignoring this device.
[    32.115] (II) This device may have been added with another device file.
[    32.115] (II) config/udev: Adding input device HDA Intel PCH HDMI/DP,pcm=8 (/dev/input/event13)
[    32.116] (II) No input driver specified, ignoring this device.
[    32.116] (II) This device may have been added with another device file.
[    32.116] (II) config/udev: Adding input device HDA Intel PCH HDMI/DP,pcm=9 (/dev/input/event14)
[    32.116] (II) No input driver specified, ignoring this device.
[    32.116] (II) This device may have been added with another device file.
[    32.117] (II) config/udev: Adding input device HDA Intel PCH HDMI/DP,pcm=10 (/dev/input/event15)
[    32.117] (II) No input driver specified, ignoring this device.
[    32.117] (II) This device may have been added with another device file.
[    32.118] (II) config/udev: Adding input device Intel HID events (/dev/input/event6)
[    32.118] (**) Intel HID events: Applying InputClass "libinput keyboard catchall"
[    32.118] (II) Using input driver 'libinput' for 'Intel HID events'
[    32.119] (II) systemd-logind: got fd for /dev/input/event6 13:70 fd 33 paused 0
[    32.119] (**) Intel HID events: always reports core events
[    32.119] (**) Option "Device" "/dev/input/event6"
[    32.119] (**) Option "_source" "server/udev"
[    32.120] (II) event6  - Intel HID events: is tagged by udev as: Keyboard
[    32.120] (II) event6  - Intel HID events: device is a keyboard
[    32.121] (II) event6  - Intel HID events: device removed
[    32.121] (**) Option "config_info" "udev:/sys/devices/platform/INT33D5:00/input/input10/event6"
[    32.121] (II) XINPUT: Adding extended input device "Intel HID events" (type: KEYBOARD, id 12)
[    32.121] (**) Option "xkb_model" "pc105"
[    32.121] (**) Option "xkb_layout" "us"
[    32.122] (II) event6  - Intel HID events: is tagged by udev as: Keyboard
[    32.122] (II) event6  - Intel HID events: device is a keyboard
[    32.124] (II) config/udev: Adding input device Dell WMI hotkeys (/dev/input/event8)
[    32.124] (**) Dell WMI hotkeys: Applying InputClass "libinput keyboard catchall"
[    32.124] (II) Using input driver 'libinput' for 'Dell WMI hotkeys'
[    32.125] (II) systemd-logind: got fd for /dev/input/event8 13:72 fd 34 paused 0
[    32.125] (**) Dell WMI hotkeys: always reports core events
[    32.125] (**) Option "Device" "/dev/input/event8"
[    32.125] (**) Option "_source" "server/udev"
[    32.127] (II) event8  - Dell WMI hotkeys: is tagged by udev as: Keyboard
[    32.127] (II) event8  - Dell WMI hotkeys: device is a keyboard
[    32.127] (II) event8  - Dell WMI hotkeys: device removed
[    32.127] (**) Option "config_info" "udev:/sys/devices/platform/PNP0C14:00/wmi_bus/wmi_bus-PNP0C14:00/9DBB5994-A997-11DA-B012-B622A1EF5492/input/input12/event8"
[    32.127] (II) XINPUT: Adding extended input device "Dell WMI hotkeys" (type: KEYBOARD, id 13)
[    32.127] (**) Option "xkb_model" "pc105"
[    32.127] (**) Option "xkb_layout" "us"
[    32.130] (II) event8  - Dell WMI hotkeys: is tagged by udev as: Keyboard
[    32.130] (II) event8  - Dell WMI hotkeys: device is a keyboard
[    32.131] (II) config/udev: Adding input device AT Translated Set 2 keyboard (/dev/input/event4)
[    32.131] (**) AT Translated Set 2 keyboard: Applying InputClass "libinput keyboard catchall"
[    32.131] (II) Using input driver 'libinput' for 'AT Translated Set 2 keyboard'
[    32.132] (II) systemd-logind: got fd for /dev/input/event4 13:68 fd 35 paused 0
[    32.132] (**) AT Translated Set 2 keyboard: always reports core events
[    32.132] (**) Option "Device" "/dev/input/event4"
[    32.132] (**) Option "_source" "server/udev"
[    32.134] (II) event4  - AT Translated Set 2 keyboard: is tagged by udev as: Keyboard
[    32.134] (II) event4  - AT Translated Set 2 keyboard: device is a keyboard
[    32.135] (II) event4  - AT Translated Set 2 keyboard: device removed
[    32.135] (**) Option "config_info" "udev:/sys/devices/platform/i8042/serio0/input/input4/event4"
[    32.135] (II) XINPUT: Adding extended input device "AT Translated Set 2 keyboard" (type: KEYBOARD, id 14)
[    32.135] (**) Option "xkb_model" "pc105"
[    32.135] (**) Option "xkb_layout" "us"
[    32.137] (II) event4  - AT Translated Set 2 keyboard: is tagged by udev as: Keyboard
[    32.138] (II) event4  - AT Translated Set 2 keyboard: device is a keyboard
[    32.139] (II) config/udev: Adding input device PS/2 Generic Mouse (/dev/input/event16)
[    32.139] (**) PS/2 Generic Mouse: Applying InputClass "libinput pointer catchall"
[    32.139] (II) Using input driver 'libinput' for 'PS/2 Generic Mouse'
[    32.157] (II) systemd-logind: got fd for /dev/input/event16 13:80 fd 36 paused 0
[    32.157] (**) PS/2 Generic Mouse: always reports core events
[    32.157] (**) Option "Device" "/dev/input/event16"
[    32.157] (**) Option "_source" "server/udev"
[    32.158] (II) event16 - PS/2 Generic Mouse: is tagged by udev as: Mouse
[    32.159] (II) event16 - PS/2 Generic Mouse: device is a pointer
[    32.159] (II) event16 - PS/2 Generic Mouse: device removed
[    32.159] (**) Option "config_info" "udev:/sys/devices/platform/i8042/serio1/input/input6/event16"
[    32.159] (II) XINPUT: Adding extended input device "PS/2 Generic Mouse" (type: MOUSE, id 15)
[    32.159] (**) Option "AccelerationScheme" "none"
[    32.159] (**) PS/2 Generic Mouse: (accel) selected scheme none/0
[    32.159] (**) PS/2 Generic Mouse: (accel) acceleration factor: 2.000
[    32.160] (**) PS/2 Generic Mouse: (accel) acceleration threshold: 4
[    32.161] (II) event16 - PS/2 Generic Mouse: is tagged by udev as: Mouse
[    32.161] (II) event16 - PS/2 Generic Mouse: device is a pointer
[    32.163] (II) config/udev: Adding input device PS/2 Generic Mouse (/dev/input/mouse1)
[    32.163] (II) No input driver specified, ignoring this device.
[    32.163] (II) This device may have been added with another device file.
[    33.214] (II) modeset(0): EDID vendor "LGD", prod id 1317
[    33.214] (II) modeset(0): Printing DDC gathered Modelines:
[    33.214] (II) modeset(0): Modeline "1366x768"x0.0   76.32  1366 1414 1446 1610  768 771 776 790 +hsync -vsync (47.4 kHz eP)
[    33.214] (II) modeset(0): Modeline "1366x768"x0.0   61.05  1366 1414 1446 1610  768 771 776 790 +hsync -vsync (37.9 kHz e)
