[2021-09-21 13:04:19.139] [exthost] [info] extension host started
[2021-09-21 13:04:19.484] [exthost] [info] ExtensionService#_doActivateExtension vscode.microsoft-authentication {"startup":false,"extensionId":{"value":"vscode.microsoft-authentication","_lower":"vscode.microsoft-authentication"},"activationEvent":"onAuthenticationRequest:microsoft"}
[2021-09-21 13:04:19.485] [exthost] [info] ExtensionService#loadCommonJSModule file:///snap/code/74/usr/share/code/resources/app/extensions/microsoft-authentication/dist/extension.js
[2021-09-21 13:04:19.613] [exthost] [info] ExtensionService#_doActivateExtension vscode.debug-auto-launch {"startup":true,"extensionId":{"value":"vscode.debug-auto-launch","_lower":"vscode.debug-auto-launch"},"activationEvent":"*"}
[2021-09-21 13:04:19.613] [exthost] [info] ExtensionService#loadCommonJSModule file:///snap/code/74/usr/share/code/resources/app/extensions/debug-auto-launch/dist/extension
[2021-09-21 13:04:19.620] [exthost] [info] ExtensionService#_doActivateExtension vscode.git {"startup":true,"extensionId":{"value":"vscode.github","_lower":"vscode.github"},"activationEvent":"*"}
[2021-09-21 13:04:19.621] [exthost] [info] ExtensionService#loadCommonJSModule file:///snap/code/74/usr/share/code/resources/app/extensions/git/dist/main
[2021-09-21 13:04:19.913] [exthost] [info] extension host terminating: renderer closed the socket
[2021-09-21 13:04:19.916] [exthost] [error] Activating extension vscode.microsoft-authentication failed due to an error:
[2021-09-21 13:04:19.916] [exthost] [error] Canceled: Canceled
	at Object.n [as canceled] (/snap/code/74/usr/share/code/resources/app/out/vs/workbench/services/extensions/node/extensionHostProcess.js:5:1157)
	at /snap/code/74/usr/share/code/resources/app/out/vs/workbench/services/extensions/node/extensionHostProcess.js:98:8805
	at Array.forEach (<anonymous>)
	at i.dispose (/snap/code/74/usr/share/code/resources/app/out/vs/workbench/services/extensions/node/extensionHostProcess.js:98:8753)
	at E.terminate (/snap/code/74/usr/share/code/resources/app/out/vs/workbench/services/extensions/node/extensionHostProcess.js:103:682)
	at a (/snap/code/74/usr/share/code/resources/app/out/vs/workbench/services/extensions/node/extensionHostProcess.js:113:32208)
	at Socket.<anonymous> (/snap/code/74/usr/share/code/resources/app/out/vs/workbench/services/extensions/node/extensionHostProcess.js:113:29858)
	at Socket.emit (events.js:327:22)
	at Pipe.<anonymous> (net.js:673:12)
[2021-09-21 13:04:19.917] [exthost] [error] Activating extension vscode.debug-auto-launch failed due to an error:
[2021-09-21 13:04:19.917] [exthost] [error] Canceled: Canceled
	at Object.n [as canceled] (/snap/code/74/usr/share/code/resources/app/out/vs/workbench/services/extensions/node/extensionHostProcess.js:5:1157)
	at /snap/code/74/usr/share/code/resources/app/out/vs/workbench/services/extensions/node/extensionHostProcess.js:98:8805
	at Array.forEach (<anonymous>)
	at i.dispose (/snap/code/74/usr/share/code/resources/app/out/vs/workbench/services/extensions/node/extensionHostProcess.js:98:8753)
	at E.terminate (/snap/code/74/usr/share/code/resources/app/out/vs/workbench/services/extensions/node/extensionHostProcess.js:103:682)
	at a (/snap/code/74/usr/share/code/resources/app/out/vs/workbench/services/extensions/node/extensionHostProcess.js:113:32208)
	at Socket.<anonymous> (/snap/code/74/usr/share/code/resources/app/out/vs/workbench/services/extensions/node/extensionHostProcess.js:113:29858)
	at Socket.emit (events.js:327:22)
	at Pipe.<anonymous> (net.js:673:12)
[2021-09-21 13:04:19.917] [exthost] [error] Activating extension vscode.git failed due to an error:
[2021-09-21 13:04:19.917] [exthost] [error] Canceled: Canceled
	at Object.n [as canceled] (/snap/code/74/usr/share/code/resources/app/out/vs/workbench/services/extensions/node/extensionHostProcess.js:5:1157)
	at /snap/code/74/usr/share/code/resources/app/out/vs/workbench/services/extensions/node/extensionHostProcess.js:98:8805
	at Array.forEach (<anonymous>)
	at i.dispose (/snap/code/74/usr/share/code/resources/app/out/vs/workbench/services/extensions/node/extensionHostProcess.js:98:8753)
	at E.terminate (/snap/code/74/usr/share/code/resources/app/out/vs/workbench/services/extensions/node/extensionHostProcess.js:103:682)
	at a (/snap/code/74/usr/share/code/resources/app/out/vs/workbench/services/extensions/node/extensionHostProcess.js:113:32208)
	at Socket.<anonymous> (/snap/code/74/usr/share/code/resources/app/out/vs/workbench/services/extensions/node/extensionHostProcess.js:113:29858)
	at Socket.emit (events.js:327:22)
	at Pipe.<anonymous> (net.js:673:12)
[2021-09-21 13:04:19.919] [exthost] [info] eager extensions activated
[2021-09-21 13:04:19.920] [exthost] [error] Activating extension vscode.emmet failed due to an error:
[2021-09-21 13:04:19.920] [exthost] [error] Canceled: Canceled
	at Object.n [as canceled] (/snap/code/74/usr/share/code/resources/app/out/vs/workbench/services/extensions/node/extensionHostProcess.js:5:1157)
	at i._remoteCall (/snap/code/74/usr/share/code/resources/app/out/vs/workbench/services/extensions/node/extensionHostProcess.js:98:13617)
	at Proxy.N.<computed>.G.charCodeAt.N.<computed> (/snap/code/74/usr/share/code/resources/app/out/vs/workbench/services/extensions/node/extensionHostProcess.js:98:10012)
	at v._activateExtension (/snap/code/74/usr/share/code/resources/app/out/vs/workbench/services/extensions/node/extensionHostProcess.js:99:11651)
	at Object.actualActivateExtension (/snap/code/74/usr/share/code/resources/app/out/vs/workbench/services/extensions/node/extensionHostProcess.js:99:9236)
	at c._activateExtension (/snap/code/74/usr/share/code/resources/app/out/vs/workbench/services/extensions/node/extensionHostProcess.js:94:87973)
	at /snap/code/74/usr/share/code/resources/app/out/vs/workbench/services/extensions/node/extensionHostProcess.js:94:87655
	at Array.map (<anonymous>)
	at c._activateExtensions (/snap/code/74/usr/share/code/resources/app/out/vs/workbench/services/extensions/node/extensionHostProcess.js:94:87643)
	at c.activateById (/snap/code/74/usr/share/code/resources/app/out/vs/workbench/services/extensions/node/extensionHostProcess.js:94:85273)
	at v._activateById (/snap/code/74/usr/share/code/resources/app/out/vs/workbench/services/extensions/node/extensionHostProcess.js:99:10238)
	at v._activateOneStartupFinished (/snap/code/74/usr/share/code/resources/app/out/vs/workbench/services/extensions/node/extensionHostProcess.js:99:15128)
	at v._activateAllStartupFinished (/snap/code/74/usr/share/code/resources/app/out/vs/workbench/services/extensions/node/extensionHostProcess.js:99:15499)
	at /snap/code/74/usr/share/code/resources/app/out/vs/workbench/services/extensions/node/extensionHostProcess.js:99:15992
[2021-09-21 13:04:19.920] [exthost] [error] Activating extension vscode.merge-conflict failed due to an error:
[2021-09-21 13:04:19.920] [exthost] [error] Canceled: Canceled
	at Object.n [as canceled] (/snap/code/74/usr/share/code/resources/app/out/vs/workbench/services/extensions/node/extensionHostProcess.js:5:1157)
	at i._remoteCall (/snap/code/74/usr/share/code/resources/app/out/vs/workbench/services/extensions/node/extensionHostProcess.js:98:13617)
	at Proxy.N.<computed>.G.charCodeAt.N.<computed> (/snap/code/74/usr/share/code/resources/app/out/vs/workbench/services/extensions/node/extensionHostProcess.js:98:10012)
	at v._activateExtension (/snap/code/74/usr/share/code/resources/app/out/vs/workbench/services/extensions/node/extensionHostProcess.js:99:11651)
	at Object.actualActivateExtension (/snap/code/74/usr/share/code/resources/app/out/vs/workbench/services/extensions/node/extensionHostProcess.js:99:9236)
	at c._activateExtension (/snap/code/74/usr/share/code/resources/app/out/vs/workbench/services/extensions/node/extensionHostProcess.js:94:87973)
	at /snap/code/74/usr/share/code/resources/app/out/vs/workbench/services/extensions/node/extensionHostProcess.js:94:87655
	at Array.map (<anonymous>)
	at c._activateExtensions (/snap/code/74/usr/share/code/resources/app/out/vs/workbench/services/extensions/node/extensionHostProcess.js:94:87643)
	at c.activateById (/snap/code/74/usr/share/code/resources/app/out/vs/workbench/services/extensions/node/extensionHostProcess.js:94:85273)
	at v._activateById (/snap/code/74/usr/share/code/resources/app/out/vs/workbench/services/extensions/node/extensionHostProcess.js:99:10238)
	at v._activateOneStartupFinished (/snap/code/74/usr/share/code/resources/app/out/vs/workbench/services/extensions/node/extensionHostProcess.js:99:15128)
	at v._activateAllStartupFinished (/snap/code/74/usr/share/code/resources/app/out/vs/workbench/services/extensions/node/extensionHostProcess.js:99:15499)
	at /snap/code/74/usr/share/code/resources/app/out/vs/workbench/services/extensions/node/extensionHostProcess.js:99:15992
[2021-09-21 13:04:20.915] [exthost] [info] exiting with code 0
